[debug] [2021-03-17T08:09:34.647Z] ----------------------------------------------------------------------
[debug] [2021-03-17T08:09:34.649Z] Command:       C:\Program Files\nodejs\node.exe C:\Users\User\AppData\Roaming\npm\node_modules\firebase-tools\lib\bin\firebase.js emulators:start
[debug] [2021-03-17T08:09:34.649Z] CLI Version:   9.6.1
[debug] [2021-03-17T08:09:34.649Z] Platform:      win32
[debug] [2021-03-17T08:09:34.649Z] Node Version:  v14.15.4
[debug] [2021-03-17T08:09:34.650Z] Time:          Wed Mar 17 2021 13:54:34 GMT+0545 (Nepal Time)
[debug] [2021-03-17T08:09:34.650Z] ----------------------------------------------------------------------
[debug] [2021-03-17T08:09:34.650Z] 
[debug] [2021-03-17T08:09:34.657Z] > command requires scopes: ["email","openid","https://www.googleapis.com/auth/cloudplatformprojects.readonly","https://www.googleapis.com/auth/firebase","https://www.googleapis.com/auth/cloud-platform"]
[debug] [2021-03-17T08:09:34.658Z] > authorizing via signed-in user
[info] i  emulators: Starting emulators: functions, hosting {"metadata":{"emulator":{"name":"hub"},"message":"Starting emulators: functions, hosting"}}
[debug] [2021-03-17T08:09:34.703Z] [hub] writing locator at C:\Users\User\AppData\Local\Temp\hub-clone-ba5ae.json
[warn] !  functions: The following emulators are not running, calls to these services from the Functions emulator will affect production: auth, firestore, database, pubsub {"metadata":{"emulator":{"name":"functions"},"message":"The following emulators are not running, calls to these services from the Functions emulator will affect production: \u001b[1mauth, firestore, database, pubsub\u001b[22m"}}
[warn] !  Your requested "node" version "12" doesn't match your global version "14" {"metadata":{"emulator":{"name":"functions"},"message":"Your requested \"node\" version \"12\" doesn't match your global version \"14\""}}
[debug] [2021-03-17T08:09:34.735Z] defaultcredentials: writing to file C:\Users\User\AppData\Roaming\firebase\anupamagupta003_gmail_com_application_default_credentials.json
[debug] [2021-03-17T08:09:34.737Z] Setting GAC to C:\Users\User\AppData\Roaming\firebase\anupamagupta003_gmail_com_application_default_credentials.json {"metadata":{"emulator":{"name":"functions"},"message":"Setting GAC to C:\\Users\\User\\AppData\\Roaming\\firebase\\anupamagupta003_gmail_com_application_default_credentials.json"}}
[debug] [2021-03-17T08:09:34.740Z] >>> [apiv2][query] GET https://firebase.googleapis.com/v1beta1/projects/clone-ba5ae/adminSdkConfig [none]
[debug] [2021-03-17T08:09:35.631Z] <<< [apiv2][status] GET https://firebase.googleapis.com/v1beta1/projects/clone-ba5ae/adminSdkConfig 200
[debug] [2021-03-17T08:09:35.632Z] <<< [apiv2][body] GET https://firebase.googleapis.com/v1beta1/projects/clone-ba5ae/adminSdkConfig {"projectId":"clone-ba5ae","storageBucket":"clone-ba5ae.appspot.com","locationId":"us-central"}
[debug] [2021-03-17T08:09:35.656Z] >>> [apiv2][query] GET https://firebase.googleapis.com/v1beta1/projects/clone-ba5ae/webApps/-/config [none]
[debug] [2021-03-17T08:09:37.185Z] <<< [apiv2][status] GET https://firebase.googleapis.com/v1beta1/projects/clone-ba5ae/webApps/-/config 200
[debug] [2021-03-17T08:09:37.185Z] <<< [apiv2][body] GET https://firebase.googleapis.com/v1beta1/projects/clone-ba5ae/webApps/-/config {"projectId":"clone-ba5ae","appId":"1:1023134089906:web:206b159772f4bd064d7fab","storageBucket":"clone-ba5ae.appspot.com","locationId":"us-central","apiKey":"AIzaSyBXqtL0oNmlbNjH60p8lUhIkDJSGARX1W8","authDomain":"clone-ba5ae.firebaseapp.com","messagingSenderId":"1023134089906"}
[info] i  hosting: Serving hosting files from: build {"metadata":{"emulator":{"name":"hosting"},"message":"Serving hosting files from: \u001b[1mbuild\u001b[22m"}}
[info] +  hosting: Local server: http://localhost:5000 {"metadata":{"emulator":{"name":"hosting"},"message":"Local server: \u001b[4m\u001b[1mhttp://localhost:5000\u001b[22m\u001b[24m"}}
[debug] [2021-03-17T08:09:37.234Z] Ignoring unsupported arg: auto_download {"metadata":{"emulator":{"name":"ui"},"message":"Ignoring unsupported arg: auto_download"}}
[debug] [2021-03-17T08:09:37.234Z] Ignoring unsupported arg: port {"metadata":{"emulator":{"name":"ui"},"message":"Ignoring unsupported arg: port"}}
[debug] [2021-03-17T08:09:37.234Z] Starting Emulator UI with command {"binary":"node","args":["C:\\Users\\User\\.cache\\firebase\\emulators\\ui-v1.4.2\\server.bundle.js"],"optionalArgs":[],"joinArgs":false} {"metadata":{"emulator":{"name":"ui"},"message":"Starting Emulator UI with command {\"binary\":\"node\",\"args\":[\"C:\\\\Users\\\\User\\\\.cache\\\\firebase\\\\emulators\\\\ui-v1.4.2\\\\server.bundle.js\"],\"optionalArgs\":[],\"joinArgs\":false}"}}
[info] i  ui: Emulator UI logging to ui-debug.log {"metadata":{"emulator":{"name":"ui"},"message":"Emulator UI logging to \u001b[1mui-debug.log\u001b[22m"}}
[debug] [2021-03-17T08:09:37.381Z] Web / API server started at http://localhost:4000
 {"metadata":{"emulator":{"name":"ui"},"message":"Web / API server started at http://localhost:4000\n"}}
[info] i  functions: Watching "D:\amazon-clone\functions" for Cloud Functions... {"metadata":{"emulator":{"name":"functions"},"message":"Watching \"D:\\amazon-clone\\functions\" for Cloud Functions..."}}
[debug] [2021-03-17T08:09:37.541Z] [worker-pool] addWorker(~diagnostic~) {"metadata":{"emulator":{"name":"functions"},"message":"[worker-pool] addWorker(~diagnostic~)"}}
[debug] [2021-03-17T08:09:37.542Z] [worker-pool] Adding worker with key ~diagnostic~, total=1 {"metadata":{"emulator":{"name":"functions"},"message":"[worker-pool] Adding worker with key ~diagnostic~, total=1"}}
[debug] [2021-03-17T08:09:37.542Z] [worker-pool] submitWork(triggerId=) {"metadata":{"emulator":{"name":"functions"},"message":"[worker-pool] submitWork(triggerId=)"}}
[debug] [2021-03-17T08:09:37.543Z] [worker-~diagnostic~-27aaad5e-a63c-4137-a029-72382ec3714a]: Assigning socketPath: \\?\pipe\D:\amazon-clone\functions\4648 {"metadata":{"emulator":{"name":"functions"},"message":"[worker-~diagnostic~-27aaad5e-a63c-4137-a029-72382ec3714a]: Assigning socketPath: \\\\?\\pipe\\D:\\amazon-clone\\functions\\4648"}}
[debug] [2021-03-17T08:09:37.543Z] [worker-~diagnostic~-27aaad5e-a63c-4137-a029-72382ec3714a]: BUSY {"metadata":{"emulator":{"name":"functions"},"message":"[worker-~diagnostic~-27aaad5e-a63c-4137-a029-72382ec3714a]: BUSY"}}
[debug] [2021-03-17T08:09:37.777Z] [runtime-status] [4648] Functions runtime initialized. {"cwd":"D:\\amazon-clone\\functions","node_version":"14.15.4"} {"metadata":{"emulator":{"name":"functions"},"message":"[runtime-status] [4648] Functions runtime initialized. {\"cwd\":\"D:\\\\amazon-clone\\\\functions\",\"node_version\":\"14.15.4\"}"}}
[debug] [2021-03-17T08:09:37.779Z] [runtime-status] [4648] Disabled runtime features: undefined {"metadata":{"emulator":{"name":"functions"},"message":"[runtime-status] [4648] Disabled runtime features: undefined"}}
[debug] [2021-03-17T08:09:37.782Z] [runtime-status] [4648] Resolved module firebase-admin {"declared":true,"installed":true,"version":"9.5.0","resolution":"D:\\amazon-clone\\functions\\node_modules\\firebase-admin\\lib\\index.js"} {"metadata":{"emulator":{"name":"functions"},"message":"[runtime-status] [4648] Resolved module firebase-admin {\"declared\":true,\"installed\":true,\"version\":\"9.5.0\",\"resolution\":\"D:\\\\amazon-clone\\\\functions\\\\node_modules\\\\firebase-admin\\\\lib\\\\index.js\"}"}}
[debug] [2021-03-17T08:09:37.783Z] [runtime-status] [4648] Resolved module firebase-functions {"declared":true,"installed":true,"version":"3.13.2","resolution":"D:\\amazon-clone\\functions\\node_modules\\firebase-functions\\lib\\index.js"} {"metadata":{"emulator":{"name":"functions"},"message":"[runtime-status] [4648] Resolved module firebase-functions {\"declared\":true,\"installed\":true,\"version\":\"3.13.2\",\"resolution\":\"D:\\\\amazon-clone\\\\functions\\\\node_modules\\\\firebase-functions\\\\lib\\\\index.js\"}"}}
[debug] [2021-03-17T08:09:37.784Z] [runtime-status] [4648] Resolved module firebase-functions {"declared":true,"installed":true,"version":"3.13.2","resolution":"D:\\amazon-clone\\functions\\node_modules\\firebase-functions\\lib\\index.js"} {"metadata":{"emulator":{"name":"functions"},"message":"[runtime-status] [4648] Resolved module firebase-functions {\"declared\":true,\"installed\":true,\"version\":\"3.13.2\",\"resolution\":\"D:\\\\amazon-clone\\\\functions\\\\node_modules\\\\firebase-functions\\\\lib\\\\index.js\"}"}}
[debug] [2021-03-17T08:09:37.786Z] [runtime-status] [4648] Outgoing network have been stubbed. [{"name":"http","status":"mocked"},{"name":"http","status":"mocked"},{"name":"https","status":"mocked"},{"name":"https","status":"mocked"},{"name":"net","status":"mocked"}] {"metadata":{"emulator":{"name":"functions"},"message":"[runtime-status] [4648] Outgoing network have been stubbed. [{\"name\":\"http\",\"status\":\"mocked\"},{\"name\":\"http\",\"status\":\"mocked\"},{\"name\":\"https\",\"status\":\"mocked\"},{\"name\":\"https\",\"status\":\"mocked\"},{\"name\":\"net\",\"status\":\"mocked\"}]"}}
[debug] [2021-03-17T08:09:37.786Z] [runtime-status] [4648] Resolved module firebase-functions {"declared":true,"installed":true,"version":"3.13.2","resolution":"D:\\amazon-clone\\functions\\node_modules\\firebase-functions\\lib\\index.js"} {"metadata":{"emulator":{"name":"functions"},"message":"[runtime-status] [4648] Resolved module firebase-functions {\"declared\":true,\"installed\":true,\"version\":\"3.13.2\",\"resolution\":\"D:\\\\amazon-clone\\\\functions\\\\node_modules\\\\firebase-functions\\\\lib\\\\index.js\"}"}}
[debug] [2021-03-17T08:09:37.833Z] [runtime-status] [4648] Checked functions.config() {"config":{}} {"metadata":{"emulator":{"name":"functions"},"message":"[runtime-status] [4648] Checked functions.config() {\"config\":{}}"}}
[debug] [2021-03-17T08:09:37.834Z] [runtime-status] [4648] firebase-functions has been stubbed. {"functionsResolution":{"declared":true,"installed":true,"version":"3.13.2","resolution":"D:\\amazon-clone\\functions\\node_modules\\firebase-functions\\lib\\index.js"}} {"metadata":{"emulator":{"name":"functions"},"message":"[runtime-status] [4648] firebase-functions has been stubbed. {\"functionsResolution\":{\"declared\":true,\"installed\":true,\"version\":\"3.13.2\",\"resolution\":\"D:\\\\amazon-clone\\\\functions\\\\node_modules\\\\firebase-functions\\\\lib\\\\index.js\"}}"}}
[debug] [2021-03-17T08:09:37.834Z] [runtime-status] [4648] Resolved module firebase-functions {"declared":true,"installed":true,"version":"3.13.2","resolution":"D:\\amazon-clone\\functions\\node_modules\\firebase-functions\\lib\\index.js"} {"metadata":{"emulator":{"name":"functions"},"message":"[runtime-status] [4648] Resolved module firebase-functions {\"declared\":true,\"installed\":true,\"version\":\"3.13.2\",\"resolution\":\"D:\\\\amazon-clone\\\\functions\\\\node_modules\\\\firebase-functions\\\\lib\\\\index.js\"}"}}
[debug] [2021-03-17T08:09:37.835Z] [runtime-status] [4648] Resolved module firebase-admin {"declared":true,"installed":true,"version":"9.5.0","resolution":"D:\\amazon-clone\\functions\\node_modules\\firebase-admin\\lib\\index.js"} {"metadata":{"emulator":{"name":"functions"},"message":"[runtime-status] [4648] Resolved module firebase-admin {\"declared\":true,\"installed\":true,\"version\":\"9.5.0\",\"resolution\":\"D:\\\\amazon-clone\\\\functions\\\\node_modules\\\\firebase-admin\\\\lib\\\\index.js\"}"}}
[debug] [2021-03-17T08:09:37.835Z] [runtime-status] [4648] Resolved module firebase-functions {"declared":true,"installed":true,"version":"3.13.2","resolution":"D:\\amazon-clone\\functions\\node_modules\\firebase-functions\\lib\\index.js"} {"metadata":{"emulator":{"name":"functions"},"message":"[runtime-status] [4648] Resolved module firebase-functions {\"declared\":true,\"installed\":true,\"version\":\"3.13.2\",\"resolution\":\"D:\\\\amazon-clone\\\\functions\\\\node_modules\\\\firebase-functions\\\\lib\\\\index.js\"}"}}
[debug] [2021-03-17T08:09:37.836Z] [runtime-status] [4648] firebase-admin has been stubbed. {"adminResolution":{"declared":true,"installed":true,"version":"9.5.0","resolution":"D:\\amazon-clone\\functions\\node_modules\\firebase-admin\\lib\\index.js"}} {"metadata":{"emulator":{"name":"functions"},"message":"[runtime-status] [4648] firebase-admin has been stubbed. {\"adminResolution\":{\"declared\":true,\"installed\":true,\"version\":\"9.5.0\",\"resolution\":\"D:\\\\amazon-clone\\\\functions\\\\node_modules\\\\firebase-admin\\\\lib\\\\index.js\"}}"}}
[info] +  functions[api]: http function initialized (http://localhost:5001/clone-ba5ae/us-central1/api). {"metadata":{"emulator":{"name":"functions"},"message":"\u001b[1mhttp\u001b[22m function initialized (http://localhost:5001/clone-ba5ae/us-central1/api)."}}
[info] 
┌─────────────────────────────────────────────────────────────┐
│ ✔  All emulators ready! It is now safe to connect your app. │
│ i  View Emulator UI at http://localhost:4000                │
└─────────────────────────────────────────────────────────────┘

┌───────────┬────────────────┬─────────────────────────────────┐
│ Emulator  │ Host:Port      │ View in Emulator UI             │
├───────────┼────────────────┼─────────────────────────────────┤
│ Functions │ localhost:5001 │ http://localhost:4000/functions │
├───────────┼────────────────┼─────────────────────────────────┤
│ Hosting   │ localhost:5000 │ n/a                             │
└───────────┴────────────────┴─────────────────────────────────┘
  Emulator Hub running at localhost:4400
  Other reserved ports: 4500

Issues? Report them at https://github.com/firebase/firebase-tools/issues and attach the *-debug.log files.
 
[debug] [2021-03-17T08:09:37.995Z] [worker-~diagnostic~-27aaad5e-a63c-4137-a029-72382ec3714a]: IDLE {"metadata":{"emulator":{"name":"functions"},"message":"[worker-~diagnostic~-27aaad5e-a63c-4137-a029-72382ec3714a]: IDLE"}}
[debug] [2021-03-17T09:16:18.476Z] Received signal SIGHUP 1
